<?xml version="1.0" encoding="UTF-8"?>
<!-- Generated by org.testng.reporters.JUnitReportReporter -->
<testsuite hostname="IND-TJaiswal" name="com.orangeHRM.commons.testscripts.TC002_VerifyUserLoginCredentials" tests="1" failures="0" timestamp="4 Aug 2017 08:57:28 GMT" time="85.611" errors="0">
  <testcase name="verifyUserLoginWithCreadentials" time="85.611" classname="com.orangeHRM.commons.testscripts.TC002_VerifyUserLoginCredentials"/>
</testsuite> <!-- com.orangeHRM.commons.testscripts.TC002_VerifyUserLoginCredentials -->
