<?xml version="1.0" encoding="UTF-8"?>
<!-- Generated by org.testng.reporters.JUnitReportReporter -->
<testsuite hostname="IND-TJaiswal" name="com.orangeHRM.commons.testscripts.TC001_VerifyAdminLoginCredentials" tests="2" failures="0" timestamp="4 Aug 2017 08:57:28 GMT" time="83.173" errors="0">
  <testcase name="verifyLoginWithCreadentials" time="8.616" classname="com.orangeHRM.commons.testscripts.TC001_VerifyAdminLoginCredentials"/>
  <testcase name="verifyUserAccountdetails" time="74.557" classname="com.orangeHRM.commons.testscripts.TC001_VerifyAdminLoginCredentials"/>
</testsuite> <!-- com.orangeHRM.commons.testscripts.TC001_VerifyAdminLoginCredentials -->
